<?xml version="1.0" encoding="UTF-8"?>
<!-- Generated by org.testng.reporters.JUnitReportReporter -->
<testsuite hostname="DESKTOP-L14UG9T" failures="0" tests="6" name="org.example.testRunner.TestRunner" time="118.116" errors="0" timestamp="2023-11-02T00:08:28 EET" skipped="0">
  <testcase classname="org.example.testRunner.TestRunner" name="runScenario" time="11.873"/>
  <testcase classname="org.example.testRunner.TestRunner" name="runScenario" time="62.622"/>
  <testcase classname="org.example.testRunner.TestRunner" name="runScenario" time="10.613"/>
  <testcase classname="org.example.testRunner.TestRunner" name="runScenario" time="12.102"/>
  <testcase classname="org.example.testRunner.TestRunner" name="runScenario" time="10.361"/>
  <testcase classname="org.example.testRunner.TestRunner" name="runScenario" time="10.545"/>
</testsuite> <!-- org.example.testRunner.TestRunner -->
